2022-04-13 12:38:04,133:INFO:PyCaret Supervised Module
2022-04-13 12:38:04,135:INFO:ML Usecase: classification
2022-04-13 12:38:04,136:INFO:version 2.3.8
2022-04-13 12:38:04,136:INFO:Initializing setup()
2022-04-13 12:38:04,136:INFO:setup(target=RainTomorrow, ml_usecase=classification, available_plots={'parameter': 'Hyperparameters', 'auc': 'AUC', 'confusion_matrix': 'Confusion Matrix', 'threshold': 'Threshold', 'pr': 'Precision Recall', 'error': 'Prediction Error', 'class_report': 'Class Report', 'rfe': 'Feature Selection', 'learning': 'Learning Curve', 'manifold': 'Manifold Learning', 'calibration': 'Calibration Curve', 'vc': 'Validation Curve', 'dimension': 'Dimensions', 'feature': 'Feature Importance', 'feature_all': 'Feature Importance (All)', 'boundary': 'Decision Boundary', 'lift': 'Lift Chart', 'gain': 'Gain Chart', 'tree': 'Decision Tree', 'ks': 'KS Statistic Plot'}, train_size=0.7, test_data=None, preprocess=True, imputation_type=simple, iterative_imputation_iters=5, categorical_features=None, categorical_imputation=constant, categorical_iterative_imputer=lightgbm, ordinal_features=None, high_cardinality_features=None, high_cardinality_method=frequency, numeric_features=None, numeric_imputation=mean, numeric_iterative_imputer=lightgbm, date_features=None, ignore_features=None, normalize=False, normalize_method=zscore, transformation=False, transformation_method=yeo-johnson, handle_unknown_categorical=True, unknown_categorical_method=least_frequent, pca=False, pca_method=linear, pca_components=None, ignore_low_variance=False, combine_rare_levels=False, rare_level_threshold=0.1, bin_numeric_features=None, remove_outliers=False, outliers_threshold=0.05, remove_multicollinearity=False, multicollinearity_threshold=0.9, remove_perfect_collinearity=True, create_clusters=False, cluster_iter=20, polynomial_features=False, polynomial_degree=2, trigonometry_features=False, polynomial_threshold=0.1, group_features=None, group_names=None, feature_selection=False, feature_selection_threshold=0.8, feature_selection_method=classic, feature_interaction=False, feature_ratio=False, interaction_threshold=0.01, fix_imbalance=False, fix_imbalance_method=None, transform_target=False, transform_target_method=box-cox, data_split_shuffle=True, data_split_stratify=False, fold_strategy=stratifiedkfold, fold=10, fold_shuffle=False, fold_groups=None, n_jobs=-1, use_gpu=False, custom_pipeline=None, html=True, session_id=None, log_experiment=False, experiment_name=None, experiment_custom_tags=None, log_plots=False, log_profile=False, log_data=False, silent=False, verbose=True, profile=False, profile_kwargs=None, display=None)
2022-04-13 12:38:04,137:INFO:Checking environment
2022-04-13 12:38:04,137:INFO:python_version: 3.8.12
2022-04-13 12:38:04,137:INFO:python_build: ('default', 'Oct 12 2021 13:49:34')
2022-04-13 12:38:04,138:INFO:machine: x86_64
2022-04-13 12:38:04,159:INFO:platform: Linux-4.19.104-microsoft-standard-x86_64-with-glibc2.17
2022-04-13 12:38:04,159:INFO:Memory: svmem(total=13327429632, available=10865061888, percent=18.5, used=1743925248, free=8753504256, active=2688860160, inactive=1639108608, buffers=503144448, cached=2326855680, shared=420835328, slab=173023232)
2022-04-13 12:38:04,160:INFO:Physical Core: 4
2022-04-13 12:38:04,161:INFO:Logical Core: 4
2022-04-13 12:38:04,161:INFO:Checking libraries
2022-04-13 12:38:04,161:INFO:pd==1.3.0
2022-04-13 12:38:04,162:INFO:numpy==1.20.3
2022-04-13 12:38:04,162:INFO:sklearn==0.23.2
2022-04-13 12:38:04,162:INFO:lightgbm==3.3.2
2022-04-13 12:38:04,176:INFO:catboost==1.0.4
2022-04-13 12:38:04,176:INFO:xgboost==1.5.2
2022-04-13 12:38:04,177:INFO:mlflow==1.24.0
2022-04-13 12:38:04,177:INFO:Checking Exceptions
2022-04-13 12:38:04,177:INFO:Declaring global variables
2022-04-13 12:38:04,178:INFO:USI: 2ea8
2022-04-13 12:38:04,178:INFO:pycaret_globals: {'prep_pipe', 'fold_generator', 'n_jobs_param', '_internal_pipeline', 'target_param', 'gpu_param', 'fold_param', '_gpu_n_jobs_param', 'seed', 'log_plots_param', 'fix_imbalance_param', 'transform_target_param', 'dashboard_logger', 'y_test', 'transform_target_method_param', '_available_plots', 'html_param', 'fold_groups_param_full', '_ml_usecase', 'fold_groups_param', 'iterative_imputation_iters_param', 'X_train', 'fold_shuffle_param', 'X_test', 'y_train', 'create_model_container', 'USI', 'y', 'fix_imbalance_method_param', 'X', 'pycaret_globals', '_all_metrics', 'stratify_param', 'data_before_preprocess', 'display_container', 'logging_param', 'imputation_regressor', 'master_model_container', 'imputation_classifier', '_all_models', 'exp_name_log', 'experiment__', '_all_models_internal'}
2022-04-13 12:38:04,179:INFO:Preparing display monitor
2022-04-13 12:38:04,179:INFO:Preparing display monitor
2022-04-13 12:38:04,193:INFO:Importing libraries
2022-04-13 12:38:04,193:INFO:Copying data for preprocessing
2022-04-13 12:38:04,206:INFO:Declaring preprocessing parameters
2022-04-13 12:38:04,224:INFO:Creating preprocessing pipeline
2022-04-13 12:38:04,453:INFO:Preprocessing pipeline created successfully
2022-04-13 12:38:04,453:ERROR:(Process Exit): setup has been interupted with user command 'quit'. setup must rerun.
2022-04-13 12:38:04,453:INFO:Creating global containers
2022-04-13 12:38:04,454:INFO:Internal pipeline: Pipeline(memory=None, steps=[('empty_step', 'passthrough')], verbose=False)
2022-04-13 12:38:07,983:INFO:Creating grid variables
2022-04-13 12:38:08,000:INFO:create_model_container: 0
2022-04-13 12:38:08,000:INFO:master_model_container: 0
2022-04-13 12:38:08,001:INFO:display_container: 1
2022-04-13 12:38:08,005:INFO:Pipeline(memory=None,
         steps=[('dtypes',
                 DataTypes_Auto_infer(categorical_features=[],
                                      display_types=True, features_todrop=[],
                                      id_columns=[],
                                      ml_usecase='classification',
                                      numerical_features=[],
                                      target='RainTomorrow',
                                      time_features=[])),
                ('imputer',
                 Simple_Imputer(categorical_strategy='not_available',
                                fill_value_categorical=None,
                                fill_value_numerical=None,
                                numeric...
                ('scaling', 'passthrough'), ('P_transform', 'passthrough'),
                ('binn', 'passthrough'), ('rem_outliers', 'passthrough'),
                ('cluster_all', 'passthrough'),
                ('dummy', Dummify(target='RainTomorrow')),
                ('fix_perfect', Remove_100(target='RainTomorrow')),
                ('clean_names', Clean_Colum_Names()),
                ('feature_select', 'passthrough'), ('fix_multi', 'passthrough'),
                ('dfs', 'passthrough'), ('pca', 'passthrough')],
         verbose=False)
2022-04-13 12:38:08,005:INFO:setup() succesfully completed......................................
2022-04-13 12:38:12,659:INFO:Initializing compare_models()
2022-04-13 12:38:12,660:INFO:compare_models(include=None, fold=None, round=4, cross_validation=True, sort=Accuracy, n_select=1, budget_time=None, turbo=True, errors=ignore, fit_kwargs=None, groups=None, experiment_custom_tags=None, probability_threshold=None, verbose=True, display=None, exclude=None)
2022-04-13 12:38:12,661:INFO:Checking exceptions
2022-04-13 12:38:12,662:INFO:Preparing display monitor
2022-04-13 12:38:12,663:INFO:Preparing display monitor
2022-04-13 12:38:12,691:INFO:Initializing Logistic Regression
2022-04-13 12:38:12,691:INFO:Total runtime is 9.012222290039062e-06 minutes
2022-04-13 12:38:12,700:INFO:SubProcess create_model() called ==================================
2022-04-13 12:38:12,701:INFO:Initializing create_model()
2022-04-13 12:38:12,701:INFO:create_model(estimator=lr, fold=StratifiedKFold(n_splits=10, random_state=None, shuffle=False), round=4, cross_validation=True, predict=True, fit_kwargs={}, groups=None, refit=False, verbose=False, system=False, metrics=None, experiment_custom_tags=None, add_to_model_list=True, probability_threshold=None, display=<pycaret.internal.Display.Display object at 0x7f070c82dfa0>, return_train_score=False, kwargs={})
2022-04-13 12:38:12,702:INFO:Checking exceptions
2022-04-13 12:38:12,702:INFO:Importing libraries
2022-04-13 12:38:12,702:INFO:Copying training dataset
2022-04-13 12:38:12,706:INFO:Defining folds
2022-04-13 12:38:12,706:INFO:Declaring metric variables
2022-04-13 12:38:12,714:INFO:Importing untrained model
2022-04-13 12:38:12,722:INFO:Logistic Regression Imported succesfully
2022-04-13 12:38:12,742:INFO:Starting cross validation
2022-04-13 12:38:12,743:INFO:Cross validating with StratifiedKFold(n_splits=10, random_state=None, shuffle=False), n_jobs=-1
2022-04-13 12:39:01,125:INFO:Calculating mean and std
2022-04-13 12:39:01,127:INFO:Creating metrics dataframe
2022-04-13 12:39:01,136:INFO:Uploading results into container
2022-04-13 12:39:01,136:INFO:Uploading model into container now
2022-04-13 12:39:01,137:INFO:create_model_container: 1
2022-04-13 12:39:01,137:INFO:master_model_container: 1
2022-04-13 12:39:01,137:INFO:display_container: 2
2022-04-13 12:39:01,138:INFO:LogisticRegression(C=1.0, class_weight=None, dual=False, fit_intercept=True,
                   intercept_scaling=1, l1_ratio=None, max_iter=1000,
                   multi_class='auto', n_jobs=None, penalty='l2',
                   random_state=1341, solver='lbfgs', tol=0.0001, verbose=0,
                   warm_start=False)
2022-04-13 12:39:01,138:INFO:create_model() succesfully completed......................................
2022-04-13 12:39:01,264:INFO:SubProcess create_model() end ==================================
2022-04-13 12:39:01,265:INFO:Creating metrics dataframe
2022-04-13 12:39:01,280:INFO:Initializing K Neighbors Classifier
2022-04-13 12:39:01,280:INFO:Total runtime is 0.8098296602567037 minutes
2022-04-13 12:39:01,290:INFO:SubProcess create_model() called ==================================
2022-04-13 12:39:01,291:INFO:Initializing create_model()
2022-04-13 12:39:01,291:INFO:create_model(estimator=knn, fold=StratifiedKFold(n_splits=10, random_state=None, shuffle=False), round=4, cross_validation=True, predict=True, fit_kwargs={}, groups=None, refit=False, verbose=False, system=False, metrics=None, experiment_custom_tags=None, add_to_model_list=True, probability_threshold=None, display=<pycaret.internal.Display.Display object at 0x7f070c82dfa0>, return_train_score=False, kwargs={})
2022-04-13 12:39:01,291:INFO:Checking exceptions
2022-04-13 12:39:01,291:INFO:Importing libraries
2022-04-13 12:39:01,292:INFO:Copying training dataset
2022-04-13 12:39:01,295:INFO:Defining folds
2022-04-13 12:39:01,296:INFO:Declaring metric variables
2022-04-13 12:39:01,304:INFO:Importing untrained model
2022-04-13 12:39:01,312:INFO:K Neighbors Classifier Imported succesfully
2022-04-13 12:39:01,329:INFO:Starting cross validation
2022-04-13 12:39:01,330:INFO:Cross validating with StratifiedKFold(n_splits=10, random_state=None, shuffle=False), n_jobs=-1
2022-04-13 12:41:47,579:INFO:Calculating mean and std
2022-04-13 12:41:47,580:INFO:Creating metrics dataframe
2022-04-13 12:41:47,587:INFO:Uploading results into container
2022-04-13 12:41:47,588:INFO:Uploading model into container now
2022-04-13 12:41:47,589:INFO:create_model_container: 2
2022-04-13 12:41:47,590:INFO:master_model_container: 2
2022-04-13 12:41:47,590:INFO:display_container: 2
2022-04-13 12:41:47,591:INFO:KNeighborsClassifier(algorithm='auto', leaf_size=30, metric='minkowski',
                     metric_params=None, n_jobs=-1, n_neighbors=5, p=2,
                     weights='uniform')
2022-04-13 12:41:47,591:INFO:create_model() succesfully completed......................................
2022-04-13 12:41:47,703:INFO:SubProcess create_model() end ==================================
2022-04-13 12:41:47,704:INFO:Creating metrics dataframe
2022-04-13 12:41:47,720:INFO:Initializing Naive Bayes
2022-04-13 12:41:47,720:INFO:Total runtime is 3.583825592199961 minutes
2022-04-13 12:41:47,731:INFO:SubProcess create_model() called ==================================
2022-04-13 12:41:47,732:INFO:Initializing create_model()
2022-04-13 12:41:47,732:INFO:create_model(estimator=nb, fold=StratifiedKFold(n_splits=10, random_state=None, shuffle=False), round=4, cross_validation=True, predict=True, fit_kwargs={}, groups=None, refit=False, verbose=False, system=False, metrics=None, experiment_custom_tags=None, add_to_model_list=True, probability_threshold=None, display=<pycaret.internal.Display.Display object at 0x7f070c82dfa0>, return_train_score=False, kwargs={})
2022-04-13 12:41:47,732:INFO:Checking exceptions
2022-04-13 12:41:47,733:INFO:Importing libraries
2022-04-13 12:41:47,733:INFO:Copying training dataset
2022-04-13 12:41:47,736:INFO:Defining folds
2022-04-13 12:41:47,737:INFO:Declaring metric variables
2022-04-13 12:41:47,746:INFO:Importing untrained model
2022-04-13 12:41:47,756:INFO:Naive Bayes Imported succesfully
2022-04-13 12:41:47,778:INFO:Starting cross validation
2022-04-13 12:41:47,779:INFO:Cross validating with StratifiedKFold(n_splits=10, random_state=None, shuffle=False), n_jobs=-1
2022-04-13 12:41:48,235:INFO:Calculating mean and std
2022-04-13 12:41:48,237:INFO:Creating metrics dataframe
2022-04-13 12:41:48,244:INFO:Uploading results into container
2022-04-13 12:41:48,244:INFO:Uploading model into container now
2022-04-13 12:41:48,245:INFO:create_model_container: 3
2022-04-13 12:41:48,245:INFO:master_model_container: 3
2022-04-13 12:41:48,245:INFO:display_container: 2
2022-04-13 12:41:48,246:INFO:GaussianNB(priors=None, var_smoothing=1e-09)
2022-04-13 12:41:48,246:INFO:create_model() succesfully completed......................................
2022-04-13 12:41:48,356:INFO:SubProcess create_model() end ==================================
2022-04-13 12:41:48,357:INFO:Creating metrics dataframe
2022-04-13 12:41:48,374:INFO:Initializing Decision Tree Classifier
2022-04-13 12:41:48,374:INFO:Total runtime is 3.594725449879964 minutes
2022-04-13 12:41:48,383:INFO:SubProcess create_model() called ==================================
2022-04-13 12:41:48,384:INFO:Initializing create_model()
2022-04-13 12:41:48,384:INFO:create_model(estimator=dt, fold=StratifiedKFold(n_splits=10, random_state=None, shuffle=False), round=4, cross_validation=True, predict=True, fit_kwargs={}, groups=None, refit=False, verbose=False, system=False, metrics=None, experiment_custom_tags=None, add_to_model_list=True, probability_threshold=None, display=<pycaret.internal.Display.Display object at 0x7f070c82dfa0>, return_train_score=False, kwargs={})
2022-04-13 12:41:48,385:INFO:Checking exceptions
2022-04-13 12:41:48,385:INFO:Importing libraries
2022-04-13 12:41:48,385:INFO:Copying training dataset
2022-04-13 12:41:48,388:INFO:Defining folds
2022-04-13 12:41:48,389:INFO:Declaring metric variables
2022-04-13 12:41:48,397:INFO:Importing untrained model
2022-04-13 12:41:48,408:INFO:Decision Tree Classifier Imported succesfully
2022-04-13 12:41:48,425:INFO:Starting cross validation
2022-04-13 12:41:48,426:INFO:Cross validating with StratifiedKFold(n_splits=10, random_state=None, shuffle=False), n_jobs=-1
2022-04-13 12:41:52,775:INFO:Calculating mean and std
2022-04-13 12:41:52,777:INFO:Creating metrics dataframe
2022-04-13 12:41:52,784:INFO:Uploading results into container
2022-04-13 12:41:52,784:INFO:Uploading model into container now
2022-04-13 12:41:52,785:INFO:create_model_container: 4
2022-04-13 12:41:52,785:INFO:master_model_container: 4
2022-04-13 12:41:52,785:INFO:display_container: 2
2022-04-13 12:41:52,786:INFO:DecisionTreeClassifier(ccp_alpha=0.0, class_weight=None, criterion='gini',
                       max_depth=None, max_features=None, max_leaf_nodes=None,
                       min_impurity_decrease=0.0, min_impurity_split=None,
                       min_samples_leaf=1, min_samples_split=2,
                       min_weight_fraction_leaf=0.0, presort='deprecated',
                       random_state=1341, splitter='best')
2022-04-13 12:41:52,786:INFO:create_model() succesfully completed......................................
2022-04-13 12:41:52,900:INFO:SubProcess create_model() end ==================================
2022-04-13 12:41:52,901:INFO:Creating metrics dataframe
2022-04-13 12:41:52,917:INFO:Initializing SVM - Linear Kernel
2022-04-13 12:41:52,918:INFO:Total runtime is 3.670454323291778 minutes
2022-04-13 12:41:52,927:INFO:SubProcess create_model() called ==================================
2022-04-13 12:41:52,928:INFO:Initializing create_model()
2022-04-13 12:41:52,928:INFO:create_model(estimator=svm, fold=StratifiedKFold(n_splits=10, random_state=None, shuffle=False), round=4, cross_validation=True, predict=True, fit_kwargs={}, groups=None, refit=False, verbose=False, system=False, metrics=None, experiment_custom_tags=None, add_to_model_list=True, probability_threshold=None, display=<pycaret.internal.Display.Display object at 0x7f070c82dfa0>, return_train_score=False, kwargs={})
2022-04-13 12:41:52,929:INFO:Checking exceptions
2022-04-13 12:41:52,929:INFO:Importing libraries
2022-04-13 12:41:52,929:INFO:Copying training dataset
2022-04-13 12:41:52,932:INFO:Defining folds
2022-04-13 12:41:52,933:INFO:Declaring metric variables
2022-04-13 12:41:52,941:INFO:Importing untrained model
2022-04-13 12:41:52,952:INFO:SVM - Linear Kernel Imported succesfully
2022-04-13 12:41:52,971:INFO:Starting cross validation
2022-04-13 12:41:52,973:INFO:Cross validating with StratifiedKFold(n_splits=10, random_state=None, shuffle=False), n_jobs=-1
2022-04-13 12:42:19,001:INFO:Calculating mean and std
2022-04-13 12:42:19,003:INFO:Creating metrics dataframe
2022-04-13 12:42:19,010:INFO:Uploading results into container
2022-04-13 12:42:19,010:INFO:Uploading model into container now
2022-04-13 12:42:19,011:INFO:create_model_container: 5
2022-04-13 12:42:19,011:INFO:master_model_container: 5
2022-04-13 12:42:19,011:INFO:display_container: 2
2022-04-13 12:42:19,012:INFO:SGDClassifier(alpha=0.0001, average=False, class_weight=None,
              early_stopping=False, epsilon=0.1, eta0=0.001, fit_intercept=True,
              l1_ratio=0.15, learning_rate='optimal', loss='hinge',
              max_iter=1000, n_iter_no_change=5, n_jobs=-1, penalty='l2',
              power_t=0.5, random_state=1341, shuffle=True, tol=0.001,
              validation_fraction=0.1, verbose=0, warm_start=False)
2022-04-13 12:42:19,012:INFO:create_model() succesfully completed......................................
2022-04-13 12:42:19,125:INFO:SubProcess create_model() end ==================================
2022-04-13 12:42:19,126:INFO:Creating metrics dataframe
2022-04-13 12:42:19,145:INFO:Initializing Ridge Classifier
2022-04-13 12:42:19,145:INFO:Total runtime is 4.107579131921132 minutes
2022-04-13 12:42:19,157:INFO:SubProcess create_model() called ==================================
2022-04-13 12:42:19,158:INFO:Initializing create_model()
2022-04-13 12:42:19,158:INFO:create_model(estimator=ridge, fold=StratifiedKFold(n_splits=10, random_state=None, shuffle=False), round=4, cross_validation=True, predict=True, fit_kwargs={}, groups=None, refit=False, verbose=False, system=False, metrics=None, experiment_custom_tags=None, add_to_model_list=True, probability_threshold=None, display=<pycaret.internal.Display.Display object at 0x7f070c82dfa0>, return_train_score=False, kwargs={})
2022-04-13 12:42:19,158:INFO:Checking exceptions
2022-04-13 12:42:19,159:INFO:Importing libraries
2022-04-13 12:42:19,159:INFO:Copying training dataset
2022-04-13 12:42:19,163:INFO:Defining folds
2022-04-13 12:42:19,164:INFO:Declaring metric variables
2022-04-13 12:42:19,180:INFO:Importing untrained model
2022-04-13 12:42:19,201:INFO:Ridge Classifier Imported succesfully
2022-04-13 12:42:19,240:INFO:Starting cross validation
2022-04-13 12:42:19,241:INFO:Cross validating with StratifiedKFold(n_splits=10, random_state=None, shuffle=False), n_jobs=-1
2022-04-13 12:42:19,807:INFO:Calculating mean and std
2022-04-13 12:42:19,809:INFO:Creating metrics dataframe
2022-04-13 12:42:19,816:INFO:Uploading results into container
2022-04-13 12:42:19,816:INFO:Uploading model into container now
2022-04-13 12:42:19,817:INFO:create_model_container: 6
2022-04-13 12:42:19,817:INFO:master_model_container: 6
2022-04-13 12:42:19,817:INFO:display_container: 2
2022-04-13 12:42:19,818:INFO:RidgeClassifier(alpha=1.0, class_weight=None, copy_X=True, fit_intercept=True,
                max_iter=None, normalize=False, random_state=1341,
                solver='auto', tol=0.001)
2022-04-13 12:42:19,818:INFO:create_model() succesfully completed......................................
2022-04-13 12:42:19,930:INFO:SubProcess create_model() end ==================================
2022-04-13 12:42:19,931:INFO:Creating metrics dataframe
2022-04-13 12:42:19,948:INFO:Initializing Random Forest Classifier
2022-04-13 12:42:19,948:INFO:Total runtime is 4.1209610501925145 minutes
2022-04-13 12:42:19,958:INFO:SubProcess create_model() called ==================================
2022-04-13 12:42:19,959:INFO:Initializing create_model()
2022-04-13 12:42:19,959:INFO:create_model(estimator=rf, fold=StratifiedKFold(n_splits=10, random_state=None, shuffle=False), round=4, cross_validation=True, predict=True, fit_kwargs={}, groups=None, refit=False, verbose=False, system=False, metrics=None, experiment_custom_tags=None, add_to_model_list=True, probability_threshold=None, display=<pycaret.internal.Display.Display object at 0x7f070c82dfa0>, return_train_score=False, kwargs={})
2022-04-13 12:42:19,959:INFO:Checking exceptions
2022-04-13 12:42:19,960:INFO:Importing libraries
2022-04-13 12:42:19,960:INFO:Copying training dataset
2022-04-13 12:42:19,963:INFO:Defining folds
2022-04-13 12:42:19,963:INFO:Declaring metric variables
2022-04-13 12:42:19,972:INFO:Importing untrained model
2022-04-13 12:42:19,984:INFO:Random Forest Classifier Imported succesfully
2022-04-13 12:42:20,039:INFO:Starting cross validation
2022-04-13 12:42:20,040:INFO:Cross validating with StratifiedKFold(n_splits=10, random_state=None, shuffle=False), n_jobs=-1
2022-04-13 12:43:05,401:INFO:Calculating mean and std
2022-04-13 12:43:05,404:INFO:Creating metrics dataframe
2022-04-13 12:43:05,418:INFO:Uploading results into container
2022-04-13 12:43:05,419:INFO:Uploading model into container now
2022-04-13 12:43:05,420:INFO:create_model_container: 7
2022-04-13 12:43:05,422:INFO:master_model_container: 7
2022-04-13 12:43:05,422:INFO:display_container: 2
2022-04-13 12:43:05,423:INFO:RandomForestClassifier(bootstrap=True, ccp_alpha=0.0, class_weight=None,
                       criterion='gini', max_depth=None, max_features='auto',
                       max_leaf_nodes=None, max_samples=None,
                       min_impurity_decrease=0.0, min_impurity_split=None,
                       min_samples_leaf=1, min_samples_split=2,
                       min_weight_fraction_leaf=0.0, n_estimators=100,
                       n_jobs=-1, oob_score=False, random_state=1341, verbose=0,
                       warm_start=False)
2022-04-13 12:43:05,424:INFO:create_model() succesfully completed......................................
2022-04-13 12:43:05,562:INFO:SubProcess create_model() end ==================================
2022-04-13 12:43:05,562:INFO:Creating metrics dataframe
2022-04-13 12:43:05,581:INFO:Initializing Quadratic Discriminant Analysis
2022-04-13 12:43:05,582:INFO:Total runtime is 4.881520787874857 minutes
2022-04-13 12:43:05,595:INFO:SubProcess create_model() called ==================================
2022-04-13 12:43:05,596:INFO:Initializing create_model()
2022-04-13 12:43:05,596:INFO:create_model(estimator=qda, fold=StratifiedKFold(n_splits=10, random_state=None, shuffle=False), round=4, cross_validation=True, predict=True, fit_kwargs={}, groups=None, refit=False, verbose=False, system=False, metrics=None, experiment_custom_tags=None, add_to_model_list=True, probability_threshold=None, display=<pycaret.internal.Display.Display object at 0x7f070c82dfa0>, return_train_score=False, kwargs={})
2022-04-13 12:43:05,597:INFO:Checking exceptions
2022-04-13 12:43:05,597:INFO:Importing libraries
2022-04-13 12:43:05,597:INFO:Copying training dataset
2022-04-13 12:43:05,600:INFO:Defining folds
2022-04-13 12:43:05,601:INFO:Declaring metric variables
2022-04-13 12:43:05,613:INFO:Importing untrained model
2022-04-13 12:43:05,623:INFO:Quadratic Discriminant Analysis Imported succesfully
2022-04-13 12:43:05,641:INFO:Starting cross validation
2022-04-13 12:43:05,643:INFO:Cross validating with StratifiedKFold(n_splits=10, random_state=None, shuffle=False), n_jobs=-1
2022-04-13 12:43:10,046:INFO:Calculating mean and std
2022-04-13 12:43:10,047:INFO:Creating metrics dataframe
2022-04-13 12:43:10,056:INFO:Uploading results into container
2022-04-13 12:43:10,057:INFO:Uploading model into container now
2022-04-13 12:43:10,057:INFO:create_model_container: 8
2022-04-13 12:43:10,057:INFO:master_model_container: 8
2022-04-13 12:43:10,057:INFO:display_container: 2
2022-04-13 12:43:10,059:INFO:QuadraticDiscriminantAnalysis(priors=None, reg_param=0.0,
                              store_covariance=False, tol=0.0001)
2022-04-13 12:43:10,060:INFO:create_model() succesfully completed......................................
2022-04-13 12:43:10,193:INFO:SubProcess create_model() end ==================================
2022-04-13 12:43:10,194:INFO:Creating metrics dataframe
2022-04-13 12:43:10,215:INFO:Initializing Ada Boost Classifier
2022-04-13 12:43:10,215:INFO:Total runtime is 4.958742264906565 minutes
2022-04-13 12:43:10,229:INFO:SubProcess create_model() called ==================================
2022-04-13 12:43:10,229:INFO:Initializing create_model()
2022-04-13 12:43:10,230:INFO:create_model(estimator=ada, fold=StratifiedKFold(n_splits=10, random_state=None, shuffle=False), round=4, cross_validation=True, predict=True, fit_kwargs={}, groups=None, refit=False, verbose=False, system=False, metrics=None, experiment_custom_tags=None, add_to_model_list=True, probability_threshold=None, display=<pycaret.internal.Display.Display object at 0x7f070c82dfa0>, return_train_score=False, kwargs={})
2022-04-13 12:43:10,230:INFO:Checking exceptions
2022-04-13 12:43:10,230:INFO:Importing libraries
2022-04-13 12:43:10,230:INFO:Copying training dataset
2022-04-13 12:43:10,234:INFO:Defining folds
2022-04-13 12:43:10,234:INFO:Declaring metric variables
2022-04-13 12:43:10,242:INFO:Importing untrained model
2022-04-13 12:43:10,253:INFO:Ada Boost Classifier Imported succesfully
2022-04-13 12:43:10,275:INFO:Starting cross validation
2022-04-13 12:43:10,276:INFO:Cross validating with StratifiedKFold(n_splits=10, random_state=None, shuffle=False), n_jobs=-1
2022-04-13 12:43:23,600:INFO:Calculating mean and std
2022-04-13 12:43:23,602:INFO:Creating metrics dataframe
2022-04-13 12:43:23,609:INFO:Uploading results into container
2022-04-13 12:43:23,609:INFO:Uploading model into container now
2022-04-13 12:43:23,610:INFO:create_model_container: 9
2022-04-13 12:43:23,610:INFO:master_model_container: 9
2022-04-13 12:43:23,610:INFO:display_container: 2
2022-04-13 12:43:23,611:INFO:AdaBoostClassifier(algorithm='SAMME.R', base_estimator=None, learning_rate=1.0,
                   n_estimators=50, random_state=1341)
2022-04-13 12:43:23,611:INFO:create_model() succesfully completed......................................
2022-04-13 12:43:23,725:INFO:SubProcess create_model() end ==================================
2022-04-13 12:43:23,726:INFO:Creating metrics dataframe
2022-04-13 12:43:23,745:INFO:Initializing Gradient Boosting Classifier
2022-04-13 12:43:23,745:INFO:Total runtime is 5.184245483080546 minutes
2022-04-13 12:43:23,755:INFO:SubProcess create_model() called ==================================
2022-04-13 12:43:23,756:INFO:Initializing create_model()
2022-04-13 12:43:23,756:INFO:create_model(estimator=gbc, fold=StratifiedKFold(n_splits=10, random_state=None, shuffle=False), round=4, cross_validation=True, predict=True, fit_kwargs={}, groups=None, refit=False, verbose=False, system=False, metrics=None, experiment_custom_tags=None, add_to_model_list=True, probability_threshold=None, display=<pycaret.internal.Display.Display object at 0x7f070c82dfa0>, return_train_score=False, kwargs={})
2022-04-13 12:43:23,756:INFO:Checking exceptions
2022-04-13 12:43:23,757:INFO:Importing libraries
2022-04-13 12:43:23,757:INFO:Copying training dataset
2022-04-13 12:43:23,759:INFO:Defining folds
2022-04-13 12:43:23,760:INFO:Declaring metric variables
2022-04-13 12:43:23,768:INFO:Importing untrained model
2022-04-13 12:43:23,776:INFO:Gradient Boosting Classifier Imported succesfully
2022-04-13 12:43:23,797:INFO:Starting cross validation
2022-04-13 12:43:23,799:INFO:Cross validating with StratifiedKFold(n_splits=10, random_state=None, shuffle=False), n_jobs=-1
2022-04-13 12:44:30,589:INFO:Calculating mean and std
2022-04-13 12:44:30,590:INFO:Creating metrics dataframe
2022-04-13 12:44:30,597:INFO:Uploading results into container
2022-04-13 12:44:30,598:INFO:Uploading model into container now
2022-04-13 12:44:30,598:INFO:create_model_container: 10
2022-04-13 12:44:30,598:INFO:master_model_container: 10
2022-04-13 12:44:30,599:INFO:display_container: 2
2022-04-13 12:44:30,599:INFO:GradientBoostingClassifier(ccp_alpha=0.0, criterion='friedman_mse', init=None,
                           learning_rate=0.1, loss='deviance', max_depth=3,
                           max_features=None, max_leaf_nodes=None,
                           min_impurity_decrease=0.0, min_impurity_split=None,
                           min_samples_leaf=1, min_samples_split=2,
                           min_weight_fraction_leaf=0.0, n_estimators=100,
                           n_iter_no_change=None, presort='deprecated',
                           random_state=1341, subsample=1.0, tol=0.0001,
                           validation_fraction=0.1, verbose=0,
                           warm_start=False)
2022-04-13 12:44:30,600:INFO:create_model() succesfully completed......................................
2022-04-13 12:44:30,720:INFO:SubProcess create_model() end ==================================
2022-04-13 12:44:30,720:INFO:Creating metrics dataframe
2022-04-13 12:44:30,740:INFO:Initializing Linear Discriminant Analysis
2022-04-13 12:44:30,740:INFO:Total runtime is 6.300829990704854 minutes
2022-04-13 12:44:30,751:INFO:SubProcess create_model() called ==================================
2022-04-13 12:44:30,751:INFO:Initializing create_model()
2022-04-13 12:44:30,751:INFO:create_model(estimator=lda, fold=StratifiedKFold(n_splits=10, random_state=None, shuffle=False), round=4, cross_validation=True, predict=True, fit_kwargs={}, groups=None, refit=False, verbose=False, system=False, metrics=None, experiment_custom_tags=None, add_to_model_list=True, probability_threshold=None, display=<pycaret.internal.Display.Display object at 0x7f070c82dfa0>, return_train_score=False, kwargs={})
2022-04-13 12:44:30,752:INFO:Checking exceptions
2022-04-13 12:44:30,752:INFO:Importing libraries
2022-04-13 12:44:30,752:INFO:Copying training dataset
2022-04-13 12:44:30,755:INFO:Defining folds
2022-04-13 12:44:30,756:INFO:Declaring metric variables
2022-04-13 12:44:30,765:INFO:Importing untrained model
2022-04-13 12:44:30,774:INFO:Linear Discriminant Analysis Imported succesfully
2022-04-13 12:44:30,792:INFO:Starting cross validation
2022-04-13 12:44:30,793:INFO:Cross validating with StratifiedKFold(n_splits=10, random_state=None, shuffle=False), n_jobs=-1
2022-04-13 12:44:33,491:INFO:Calculating mean and std
2022-04-13 12:44:33,493:INFO:Creating metrics dataframe
2022-04-13 12:44:33,501:INFO:Uploading results into container
2022-04-13 12:44:33,502:INFO:Uploading model into container now
2022-04-13 12:44:33,503:INFO:create_model_container: 11
2022-04-13 12:44:33,504:INFO:master_model_container: 11
2022-04-13 12:44:33,504:INFO:display_container: 2
2022-04-13 12:44:33,504:INFO:LinearDiscriminantAnalysis(n_components=None, priors=None, shrinkage=None,
                           solver='svd', store_covariance=False, tol=0.0001)
2022-04-13 12:44:33,505:INFO:create_model() succesfully completed......................................
2022-04-13 12:44:33,630:INFO:SubProcess create_model() end ==================================
2022-04-13 12:44:33,631:INFO:Creating metrics dataframe
2022-04-13 12:44:33,650:INFO:Initializing Extra Trees Classifier
2022-04-13 12:44:33,651:INFO:Total runtime is 6.349331061045329 minutes
2022-04-13 12:44:33,662:INFO:SubProcess create_model() called ==================================
2022-04-13 12:44:33,663:INFO:Initializing create_model()
2022-04-13 12:44:33,665:INFO:create_model(estimator=et, fold=StratifiedKFold(n_splits=10, random_state=None, shuffle=False), round=4, cross_validation=True, predict=True, fit_kwargs={}, groups=None, refit=False, verbose=False, system=False, metrics=None, experiment_custom_tags=None, add_to_model_list=True, probability_threshold=None, display=<pycaret.internal.Display.Display object at 0x7f070c82dfa0>, return_train_score=False, kwargs={})
2022-04-13 12:44:33,667:INFO:Checking exceptions
2022-04-13 12:44:33,667:INFO:Importing libraries
2022-04-13 12:44:33,667:INFO:Copying training dataset
2022-04-13 12:44:33,672:INFO:Defining folds
2022-04-13 12:44:33,673:INFO:Declaring metric variables
2022-04-13 12:44:33,690:INFO:Importing untrained model
2022-04-13 12:44:33,700:INFO:Extra Trees Classifier Imported succesfully
2022-04-13 12:44:33,748:INFO:Starting cross validation
2022-04-13 12:44:33,751:INFO:Cross validating with StratifiedKFold(n_splits=10, random_state=None, shuffle=False), n_jobs=-1
2022-04-13 12:45:16,765:INFO:Calculating mean and std
2022-04-13 12:45:16,767:INFO:Creating metrics dataframe
2022-04-13 12:45:16,779:INFO:Uploading results into container
2022-04-13 12:45:16,780:INFO:Uploading model into container now
2022-04-13 12:45:16,780:INFO:create_model_container: 12
2022-04-13 12:45:16,781:INFO:master_model_container: 12
2022-04-13 12:45:16,783:INFO:display_container: 2
2022-04-13 12:45:16,784:INFO:ExtraTreesClassifier(bootstrap=False, ccp_alpha=0.0, class_weight=None,
                     criterion='gini', max_depth=None, max_features='auto',
                     max_leaf_nodes=None, max_samples=None,
                     min_impurity_decrease=0.0, min_impurity_split=None,
                     min_samples_leaf=1, min_samples_split=2,
                     min_weight_fraction_leaf=0.0, n_estimators=100, n_jobs=-1,
                     oob_score=False, random_state=1341, verbose=0,
                     warm_start=False)
2022-04-13 12:45:16,786:INFO:create_model() succesfully completed......................................
2022-04-13 12:45:16,925:INFO:SubProcess create_model() end ==================================
2022-04-13 12:45:16,928:INFO:Creating metrics dataframe
2022-04-13 12:45:16,966:INFO:Initializing Extreme Gradient Boosting
2022-04-13 12:45:16,967:INFO:Total runtime is 7.0712727030118305 minutes
2022-04-13 12:45:16,981:INFO:SubProcess create_model() called ==================================
2022-04-13 12:45:16,983:INFO:Initializing create_model()
2022-04-13 12:45:16,983:INFO:create_model(estimator=xgboost, fold=StratifiedKFold(n_splits=10, random_state=None, shuffle=False), round=4, cross_validation=True, predict=True, fit_kwargs={}, groups=None, refit=False, verbose=False, system=False, metrics=None, experiment_custom_tags=None, add_to_model_list=True, probability_threshold=None, display=<pycaret.internal.Display.Display object at 0x7f070c82dfa0>, return_train_score=False, kwargs={})
2022-04-13 12:45:16,986:INFO:Checking exceptions
2022-04-13 12:45:16,986:INFO:Importing libraries
2022-04-13 12:45:16,986:INFO:Copying training dataset
2022-04-13 12:45:16,991:INFO:Defining folds
2022-04-13 12:45:16,993:INFO:Declaring metric variables
2022-04-13 12:45:17,011:INFO:Importing untrained model
2022-04-13 12:45:17,026:INFO:Extreme Gradient Boosting Imported succesfully
2022-04-13 12:45:17,090:INFO:Starting cross validation
2022-04-13 12:45:17,093:INFO:Cross validating with StratifiedKFold(n_splits=10, random_state=None, shuffle=False), n_jobs=-1
2022-04-13 12:47:22,181:INFO:Calculating mean and std
2022-04-13 12:47:22,182:INFO:Creating metrics dataframe
2022-04-13 12:47:22,191:INFO:Uploading results into container
2022-04-13 12:47:22,192:INFO:Uploading model into container now
2022-04-13 12:47:22,193:INFO:create_model_container: 13
2022-04-13 12:47:22,193:INFO:master_model_container: 13
2022-04-13 12:47:22,194:INFO:display_container: 2
2022-04-13 12:47:22,195:INFO:XGBClassifier(base_score=None, booster='gbtree', colsample_bylevel=None,
              colsample_bynode=None, colsample_bytree=None,
              enable_categorical=False, gamma=None, gpu_id=None,
              importance_type=None, interaction_constraints=None,
              learning_rate=None, max_delta_step=None, max_depth=None,
              min_child_weight=None, missing=nan, monotone_constraints=None,
              n_estimators=100, n_jobs=-1, num_parallel_tree=None,
              objective='binary:logistic', predictor=None, random_state=1341,
              reg_alpha=None, reg_lambda=None, scale_pos_weight=None,
              subsample=None, tree_method='auto', use_label_encoder=True,
              validate_parameters=None, verbosity=0)
2022-04-13 12:47:22,196:INFO:create_model() succesfully completed......................................
2022-04-13 12:47:22,321:INFO:SubProcess create_model() end ==================================
2022-04-13 12:47:22,321:INFO:Creating metrics dataframe
2022-04-13 12:47:22,340:INFO:Initializing Light Gradient Boosting Machine
2022-04-13 12:47:22,340:INFO:Total runtime is 9.16082369486491 minutes
2022-04-13 12:47:22,352:INFO:SubProcess create_model() called ==================================
2022-04-13 12:47:22,352:INFO:Initializing create_model()
2022-04-13 12:47:22,353:INFO:create_model(estimator=lightgbm, fold=StratifiedKFold(n_splits=10, random_state=None, shuffle=False), round=4, cross_validation=True, predict=True, fit_kwargs={}, groups=None, refit=False, verbose=False, system=False, metrics=None, experiment_custom_tags=None, add_to_model_list=True, probability_threshold=None, display=<pycaret.internal.Display.Display object at 0x7f070c82dfa0>, return_train_score=False, kwargs={})
2022-04-13 12:47:22,353:INFO:Checking exceptions
2022-04-13 12:47:22,354:INFO:Importing libraries
2022-04-13 12:47:22,354:INFO:Copying training dataset
2022-04-13 12:47:22,357:INFO:Defining folds
2022-04-13 12:47:22,357:INFO:Declaring metric variables
2022-04-13 12:47:22,366:INFO:Importing untrained model
2022-04-13 12:47:22,374:INFO:Light Gradient Boosting Machine Imported succesfully
2022-04-13 12:47:22,395:INFO:Starting cross validation
2022-04-13 12:47:22,396:INFO:Cross validating with StratifiedKFold(n_splits=10, random_state=None, shuffle=False), n_jobs=-1
2022-04-13 12:47:28,387:INFO:Calculating mean and std
2022-04-13 12:47:28,389:INFO:Creating metrics dataframe
2022-04-13 12:47:28,398:INFO:Uploading results into container
2022-04-13 12:47:28,398:INFO:Uploading model into container now
2022-04-13 12:47:28,399:INFO:create_model_container: 14
2022-04-13 12:47:28,400:INFO:master_model_container: 14
2022-04-13 12:47:28,400:INFO:display_container: 2
2022-04-13 12:47:28,402:INFO:LGBMClassifier(boosting_type='gbdt', class_weight=None, colsample_bytree=1.0,
               importance_type='split', learning_rate=0.1, max_depth=-1,
               min_child_samples=20, min_child_weight=0.001, min_split_gain=0.0,
               n_estimators=100, n_jobs=-1, num_leaves=31, objective=None,
               random_state=1341, reg_alpha=0.0, reg_lambda=0.0, silent='warn',
               subsample=1.0, subsample_for_bin=200000, subsample_freq=0)
2022-04-13 12:47:28,402:INFO:create_model() succesfully completed......................................
2022-04-13 12:47:28,527:INFO:SubProcess create_model() end ==================================
2022-04-13 12:47:28,528:INFO:Creating metrics dataframe
2022-04-13 12:47:28,546:INFO:Initializing CatBoost Classifier
2022-04-13 12:47:28,547:INFO:Total runtime is 9.264265485604605 minutes
2022-04-13 12:47:28,559:INFO:SubProcess create_model() called ==================================
2022-04-13 12:47:28,560:INFO:Initializing create_model()
2022-04-13 12:47:28,560:INFO:create_model(estimator=catboost, fold=StratifiedKFold(n_splits=10, random_state=None, shuffle=False), round=4, cross_validation=True, predict=True, fit_kwargs={}, groups=None, refit=False, verbose=False, system=False, metrics=None, experiment_custom_tags=None, add_to_model_list=True, probability_threshold=None, display=<pycaret.internal.Display.Display object at 0x7f070c82dfa0>, return_train_score=False, kwargs={})
2022-04-13 12:47:28,561:INFO:Checking exceptions
2022-04-13 12:47:28,561:INFO:Importing libraries
2022-04-13 12:47:28,561:INFO:Copying training dataset
2022-04-13 12:47:28,564:INFO:Defining folds
2022-04-13 12:47:28,565:INFO:Declaring metric variables
2022-04-13 12:47:28,573:INFO:Importing untrained model
2022-04-13 12:47:28,581:INFO:CatBoost Classifier Imported succesfully
2022-04-13 12:47:28,602:INFO:Starting cross validation
2022-04-13 12:47:28,603:INFO:Cross validating with StratifiedKFold(n_splits=10, random_state=None, shuffle=False), n_jobs=-1
2022-04-13 12:49:11,511:INFO:Calculating mean and std
2022-04-13 12:49:11,513:INFO:Creating metrics dataframe
2022-04-13 12:49:11,521:INFO:Uploading results into container
2022-04-13 12:49:11,522:INFO:Uploading model into container now
2022-04-13 12:49:11,522:INFO:create_model_container: 15
2022-04-13 12:49:11,523:INFO:master_model_container: 15
2022-04-13 12:49:11,523:INFO:display_container: 2
2022-04-13 12:49:11,523:INFO:<catboost.core.CatBoostClassifier object at 0x7f0721804370>
2022-04-13 12:49:11,524:INFO:create_model() succesfully completed......................................
2022-04-13 12:49:11,649:INFO:SubProcess create_model() end ==================================
2022-04-13 12:49:11,650:INFO:Creating metrics dataframe
2022-04-13 12:49:11,669:INFO:Initializing Dummy Classifier
2022-04-13 12:49:11,669:INFO:Total runtime is 10.982975169022879 minutes
2022-04-13 12:49:11,680:INFO:SubProcess create_model() called ==================================
2022-04-13 12:49:11,680:INFO:Initializing create_model()
2022-04-13 12:49:11,681:INFO:create_model(estimator=dummy, fold=StratifiedKFold(n_splits=10, random_state=None, shuffle=False), round=4, cross_validation=True, predict=True, fit_kwargs={}, groups=None, refit=False, verbose=False, system=False, metrics=None, experiment_custom_tags=None, add_to_model_list=True, probability_threshold=None, display=<pycaret.internal.Display.Display object at 0x7f070c82dfa0>, return_train_score=False, kwargs={})
2022-04-13 12:49:11,681:INFO:Checking exceptions
2022-04-13 12:49:11,682:INFO:Importing libraries
2022-04-13 12:49:11,682:INFO:Copying training dataset
2022-04-13 12:49:11,685:INFO:Defining folds
2022-04-13 12:49:11,685:INFO:Declaring metric variables
2022-04-13 12:49:11,693:INFO:Importing untrained model
2022-04-13 12:49:11,701:INFO:Dummy Classifier Imported succesfully
2022-04-13 12:49:11,719:INFO:Starting cross validation
2022-04-13 12:49:11,719:INFO:Cross validating with StratifiedKFold(n_splits=10, random_state=None, shuffle=False), n_jobs=-1
2022-04-13 12:49:11,974:INFO:Calculating mean and std
2022-04-13 12:49:11,976:INFO:Creating metrics dataframe
2022-04-13 12:49:11,983:INFO:Uploading results into container
2022-04-13 12:49:11,983:INFO:Uploading model into container now
2022-04-13 12:49:11,985:INFO:create_model_container: 16
2022-04-13 12:49:11,985:INFO:master_model_container: 16
2022-04-13 12:49:11,985:INFO:display_container: 2
2022-04-13 12:49:11,986:INFO:DummyClassifier(constant=None, random_state=1341, strategy='prior')
2022-04-13 12:49:11,986:INFO:create_model() succesfully completed......................................
2022-04-13 12:49:12,098:INFO:SubProcess create_model() end ==================================
2022-04-13 12:49:12,099:INFO:Creating metrics dataframe
2022-04-13 12:49:12,138:INFO:Initializing create_model()
2022-04-13 12:49:12,139:INFO:create_model(estimator=<catboost.core.CatBoostClassifier object at 0x7f0721804370>, fold=StratifiedKFold(n_splits=10, random_state=None, shuffle=False), round=4, cross_validation=False, predict=False, fit_kwargs={}, groups=None, refit=True, verbose=False, system=False, metrics=None, experiment_custom_tags=None, add_to_model_list=True, probability_threshold=None, display=None, return_train_score=False, kwargs={})
2022-04-13 12:49:12,139:INFO:Checking exceptions
2022-04-13 12:49:12,140:INFO:Importing libraries
2022-04-13 12:49:12,140:INFO:Copying training dataset
2022-04-13 12:49:12,142:INFO:Defining folds
2022-04-13 12:49:12,142:INFO:Declaring metric variables
2022-04-13 12:49:12,143:INFO:Importing untrained model
2022-04-13 12:49:12,143:INFO:Declaring custom model
2022-04-13 12:49:12,144:INFO:CatBoost Classifier Imported succesfully
2022-04-13 12:49:12,144:INFO:Cross validation set to False
2022-04-13 12:49:12,145:INFO:Fitting Model
2022-04-13 12:49:21,895:INFO:<catboost.core.CatBoostClassifier object at 0x7f072181b5e0>
2022-04-13 12:49:21,895:INFO:create_models() succesfully completed......................................
2022-04-13 12:49:22,043:INFO:create_model_container: 16
2022-04-13 12:49:22,043:INFO:master_model_container: 16
2022-04-13 12:49:22,044:INFO:display_container: 2
2022-04-13 12:49:22,044:INFO:<catboost.core.CatBoostClassifier object at 0x7f072181b5e0>
2022-04-13 12:49:22,044:INFO:compare_models() succesfully completed......................................
2022-04-13 12:49:52,094:INFO:Initializing create_model()
2022-04-13 12:49:52,094:INFO:create_model(estimator=lightgbm, fold=None, round=4, cross_validation=True, predict=True, fit_kwargs=None, groups=None, refit=True, verbose=True, system=True, metrics=None, experiment_custom_tags=None, add_to_model_list=True, probability_threshold=None, display=None, return_train_score=False, kwargs={})
2022-04-13 12:49:52,095:INFO:Checking exceptions
2022-04-13 12:49:52,095:INFO:Preparing display monitor
2022-04-13 12:49:52,114:INFO:Importing libraries
2022-04-13 12:49:52,115:INFO:Copying training dataset
2022-04-13 12:49:52,118:INFO:Defining folds
2022-04-13 12:49:52,118:INFO:Declaring metric variables
2022-04-13 12:49:52,126:INFO:Importing untrained model
2022-04-13 12:49:52,134:INFO:Light Gradient Boosting Machine Imported succesfully
2022-04-13 12:49:52,150:INFO:Starting cross validation
2022-04-13 12:49:52,151:INFO:Cross validating with StratifiedKFold(n_splits=10, random_state=None, shuffle=False), n_jobs=-1
2022-04-13 12:49:57,892:INFO:Calculating mean and std
2022-04-13 12:49:57,893:INFO:Creating metrics dataframe
2022-04-13 12:49:57,909:INFO:Finalizing model
2022-04-13 12:49:59,403:INFO:Initializing predict_model()
2022-04-13 12:49:59,403:INFO:predict_model(estimator=Pipeline(memory=None,
         steps=[('empty_step', 'passthrough'),
                ('actual_estimator',
                 LGBMClassifier(boosting_type='gbdt', class_weight=None,
                                colsample_bytree=1.0, importance_type='split',
                                learning_rate=0.1, max_depth=-1,
                                min_child_samples=20, min_child_weight=0.001,
                                min_split_gain=0.0, n_estimators=100, n_jobs=-1,
                                num_leaves=31, objective=None,
                                random_state=1341, reg_alpha=0.0,
                                reg_lambda=0.0, silent='warn', subsample=1.0,
                                subsample_for_bin=200000, subsample_freq=0))],
         verbose=False), probability_threshold=None, encoded_labels=False, drift_report=False, raw_score=False, round=4, verbose=True, ml_usecase=None, display=None, drift_kwargs=None)
2022-04-13 12:49:59,404:INFO:Checking exceptions
2022-04-13 12:49:59,404:INFO:Preloading libraries
2022-04-13 12:49:59,404:INFO:Preparing display monitor
2022-04-13 12:50:00,144:INFO:Uploading results into container
2022-04-13 12:50:00,144:INFO:Uploading model into container now
2022-04-13 12:50:00,161:INFO:create_model_container: 17
2022-04-13 12:50:00,161:INFO:master_model_container: 17
2022-04-13 12:50:00,161:INFO:display_container: 3
2022-04-13 12:50:00,162:INFO:LGBMClassifier(boosting_type='gbdt', class_weight=None, colsample_bytree=1.0,
               importance_type='split', learning_rate=0.1, max_depth=-1,
               min_child_samples=20, min_child_weight=0.001, min_split_gain=0.0,
               n_estimators=100, n_jobs=-1, num_leaves=31, objective=None,
               random_state=1341, reg_alpha=0.0, reg_lambda=0.0, silent='warn',
               subsample=1.0, subsample_for_bin=200000, subsample_freq=0)
2022-04-13 12:50:00,162:INFO:create_model() succesfully completed......................................
2022-04-13 12:50:00,304:INFO:Initializing predict_model()
2022-04-13 12:50:00,307:INFO:predict_model(estimator=LGBMClassifier(boosting_type='gbdt', class_weight=None, colsample_bytree=1.0,
               importance_type='split', learning_rate=0.1, max_depth=-1,
               min_child_samples=20, min_child_weight=0.001, min_split_gain=0.0,
               n_estimators=100, n_jobs=-1, num_leaves=31, objective=None,
               random_state=1341, reg_alpha=0.0, reg_lambda=0.0, silent='warn',
               subsample=1.0, subsample_for_bin=200000, subsample_freq=0), probability_threshold=None, encoded_labels=False, drift_report=False, raw_score=False, round=4, verbose=True, ml_usecase=MLUsecase.CLASSIFICATION, display=None, drift_kwargs=None)
2022-04-13 12:50:00,309:INFO:Checking exceptions
2022-04-13 12:50:00,309:INFO:Preloading libraries
2022-04-13 12:50:00,309:INFO:Preparing display monitor
2022-04-13 12:50:27,098:INFO:Initializing create_model()
2022-04-13 12:50:27,098:INFO:create_model(estimator=catboost, fold=None, round=4, cross_validation=True, predict=True, fit_kwargs=None, groups=None, refit=True, verbose=True, system=True, metrics=None, experiment_custom_tags=None, add_to_model_list=True, probability_threshold=None, display=None, return_train_score=False, kwargs={})
2022-04-13 12:50:27,099:INFO:Checking exceptions
2022-04-13 12:50:27,100:INFO:Preparing display monitor
2022-04-13 12:50:27,118:INFO:Importing libraries
2022-04-13 12:50:27,118:INFO:Copying training dataset
2022-04-13 12:50:27,121:INFO:Defining folds
2022-04-13 12:50:27,122:INFO:Declaring metric variables
2022-04-13 12:50:27,130:INFO:Importing untrained model
2022-04-13 12:50:27,138:INFO:CatBoost Classifier Imported succesfully
2022-04-13 12:50:27,154:INFO:Starting cross validation
2022-04-13 12:50:27,156:INFO:Cross validating with StratifiedKFold(n_splits=10, random_state=None, shuffle=False), n_jobs=-1
2022-04-13 12:52:09,259:INFO:Calculating mean and std
2022-04-13 12:52:09,260:INFO:Creating metrics dataframe
2022-04-13 12:52:09,271:INFO:Finalizing model
2022-04-13 12:52:18,760:INFO:Initializing predict_model()
2022-04-13 12:52:18,761:INFO:predict_model(estimator=Pipeline(memory=None,
         steps=[('empty_step', 'passthrough'),
                ('actual_estimator',
                 <catboost.core.CatBoostClassifier object at 0x7f07093b4310>)],
         verbose=False), probability_threshold=None, encoded_labels=False, drift_report=False, raw_score=False, round=4, verbose=True, ml_usecase=None, display=None, drift_kwargs=None)
2022-04-13 12:52:18,761:INFO:Checking exceptions
2022-04-13 12:52:18,761:INFO:Preloading libraries
2022-04-13 12:52:18,761:INFO:Preparing display monitor
2022-04-13 12:52:19,340:INFO:Uploading results into container
2022-04-13 12:52:19,341:INFO:Uploading model into container now
2022-04-13 12:52:19,357:INFO:create_model_container: 18
2022-04-13 12:52:19,357:INFO:master_model_container: 18
2022-04-13 12:52:19,357:INFO:display_container: 4
2022-04-13 12:52:19,358:INFO:<catboost.core.CatBoostClassifier object at 0x7f07093b4310>
2022-04-13 12:52:19,358:INFO:create_model() succesfully completed......................................
2022-04-13 12:52:19,489:INFO:Initializing tune_model()
2022-04-13 12:52:19,490:INFO:tune_model(estimator=<catboost.core.CatBoostClassifier object at 0x7f07093b4310>, fold=None, round=4, n_iter=10, custom_grid=None, optimize=Accuracy, custom_scorer=None, search_library=scikit-learn, search_algorithm=None, early_stopping=False, early_stopping_max_iters=10, choose_better=False, fit_kwargs=None, groups=None, return_tuner=False, verbose=True, tuner_verbose=True, display=None, return_train_score=False, kwargs={})
2022-04-13 12:52:19,492:INFO:Checking exceptions
2022-04-13 12:52:19,494:INFO:Preparing display monitor
2022-04-13 12:52:19,513:INFO:Copying training dataset
2022-04-13 12:52:19,517:INFO:Checking base model
2022-04-13 12:52:19,517:INFO:Base model : CatBoost Classifier
2022-04-13 12:52:19,527:INFO:Declaring metric variables
2022-04-13 12:52:19,536:INFO:Defining Hyperparameters
2022-04-13 12:52:19,652:INFO:Tuning with n_jobs=-1
2022-04-13 12:52:19,653:INFO:Initializing RandomizedSearchCV
2022-04-13 12:55:27,017:INFO:best_params: {'actual_estimator__random_strength': 0.4, 'actual_estimator__n_estimators': 120, 'actual_estimator__l2_leaf_reg': 2, 'actual_estimator__eta': 0.15, 'actual_estimator__depth': 10}
2022-04-13 12:55:27,018:INFO:Hyperparameter search completed
2022-04-13 12:55:27,018:INFO:SubProcess create_model() called ==================================
2022-04-13 12:55:27,019:INFO:Initializing create_model()
2022-04-13 12:55:27,019:INFO:create_model(estimator=<catboost.core.CatBoostClassifier object at 0x7f06b9376f70>, fold=StratifiedKFold(n_splits=10, random_state=None, shuffle=False), round=4, cross_validation=True, predict=True, fit_kwargs={}, groups=None, refit=True, verbose=True, system=False, metrics=None, experiment_custom_tags=None, add_to_model_list=True, probability_threshold=None, display=<pycaret.internal.Display.Display object at 0x7f06b92c6fd0>, return_train_score=False, kwargs={'random_strength': 0.4, 'n_estimators': 120, 'l2_leaf_reg': 2, 'eta': 0.15, 'depth': 10})
2022-04-13 12:55:27,020:INFO:Checking exceptions
2022-04-13 12:55:27,020:INFO:Importing libraries
2022-04-13 12:55:27,021:INFO:Copying training dataset
2022-04-13 12:55:27,024:INFO:Defining folds
2022-04-13 12:55:27,024:INFO:Declaring metric variables
2022-04-13 12:55:27,033:INFO:Importing untrained model
2022-04-13 12:55:27,036:INFO:Declaring custom model
2022-04-13 12:55:27,044:INFO:CatBoost Classifier Imported succesfully
2022-04-13 12:55:27,059:INFO:Starting cross validation
2022-04-13 12:55:27,060:INFO:Cross validating with StratifiedKFold(n_splits=10, random_state=None, shuffle=False), n_jobs=-1
2022-04-13 12:56:10,334:INFO:Calculating mean and std
2022-04-13 12:56:10,335:INFO:Creating metrics dataframe
2022-04-13 12:56:10,347:INFO:Finalizing model
2022-04-13 12:56:14,580:INFO:Initializing predict_model()
2022-04-13 12:56:14,581:INFO:predict_model(estimator=Pipeline(memory=None,
         steps=[('empty_step', 'passthrough'),
                ('actual_estimator',
                 <catboost.core.CatBoostClassifier object at 0x7f07217f3c70>)],
         verbose=False), probability_threshold=None, encoded_labels=False, drift_report=False, raw_score=False, round=4, verbose=True, ml_usecase=None, display=None, drift_kwargs=None)
2022-04-13 12:56:14,581:INFO:Checking exceptions
2022-04-13 12:56:14,581:INFO:Preloading libraries
2022-04-13 12:56:14,581:INFO:Preparing display monitor
2022-04-13 12:56:15,136:INFO:Uploading results into container
2022-04-13 12:56:15,137:INFO:Uploading model into container now
2022-04-13 12:56:15,138:INFO:create_model_container: 19
2022-04-13 12:56:15,139:INFO:master_model_container: 19
2022-04-13 12:56:15,139:INFO:display_container: 5
2022-04-13 12:56:15,139:INFO:<catboost.core.CatBoostClassifier object at 0x7f07217f3c70>
2022-04-13 12:56:15,140:INFO:create_model() succesfully completed......................................
2022-04-13 12:56:15,254:INFO:SubProcess create_model() end ==================================
2022-04-13 12:56:15,268:INFO:create_model_container: 19
2022-04-13 12:56:15,268:INFO:master_model_container: 19
2022-04-13 12:56:15,269:INFO:display_container: 5
2022-04-13 12:56:15,269:INFO:<catboost.core.CatBoostClassifier object at 0x7f07217f3c70>
2022-04-13 12:56:15,269:INFO:tune_model() succesfully completed......................................
2022-04-13 13:28:38,447:INFO:Initializing tune_model()
2022-04-13 13:28:38,448:INFO:tune_model(estimator=<catboost.core.CatBoostClassifier object at 0x7f07093b4310>, fold=None, round=4, n_iter=25, custom_grid=None, optimize=AUC, custom_scorer=None, search_library=optuna, search_algorithm=None, early_stopping=False, early_stopping_max_iters=10, choose_better=False, fit_kwargs=None, groups=None, return_tuner=False, verbose=True, tuner_verbose=True, display=None, return_train_score=False, kwargs={})
2022-04-13 13:28:38,450:INFO:Checking exceptions
2022-04-13 13:28:38,644:INFO:Preparing display monitor
2022-04-13 13:28:38,662:INFO:Copying training dataset
2022-04-13 13:28:38,665:INFO:Checking base model
2022-04-13 13:28:38,666:INFO:Base model : CatBoost Classifier
2022-04-13 13:28:38,677:INFO:Declaring metric variables
2022-04-13 13:28:38,686:INFO:Defining Hyperparameters
2022-04-13 13:28:38,822:INFO:Tuning with n_jobs=-1
2022-04-13 13:28:38,823:INFO:Initializing optuna.integration.OptunaSearchCV
2022-04-13 13:58:43,558:INFO:best_params: {'actual_estimator__eta': 0.1833987925169967, 'actual_estimator__depth': 7, 'actual_estimator__n_estimators': 291, 'actual_estimator__random_strength': 0.3488510626319686, 'actual_estimator__l2_leaf_reg': 12}
2022-04-13 13:58:43,558:WARNING:Couldn't get cv_results from model_grid. Exception:
2022-04-13 13:58:43,560:WARNING:Traceback (most recent call last):
  File "/home/bk/anaconda3/envs/pycaret236/lib/python3.8/site-packages/pycaret/internal/tabular.py", line 4641, in tune_model_supervised
    cv_results = model_grid.cv_results_
AttributeError: 'OptunaSearchCV' object has no attribute 'cv_results_'

2022-04-13 13:58:43,561:INFO:Hyperparameter search completed
2022-04-13 13:58:43,561:INFO:SubProcess create_model() called ==================================
2022-04-13 13:58:43,563:INFO:Initializing create_model()
2022-04-13 13:58:43,563:INFO:create_model(estimator=<catboost.core.CatBoostClassifier object at 0x7f06b8aebeb0>, fold=StratifiedKFold(n_splits=10, random_state=None, shuffle=False), round=4, cross_validation=True, predict=True, fit_kwargs={}, groups=None, refit=True, verbose=True, system=False, metrics=None, experiment_custom_tags=None, add_to_model_list=True, probability_threshold=None, display=<pycaret.internal.Display.Display object at 0x7f07681a5fd0>, return_train_score=False, kwargs={'eta': 0.1833987925169967, 'depth': 7, 'n_estimators': 291, 'random_strength': 0.3488510626319686, 'l2_leaf_reg': 12})
2022-04-13 13:58:43,563:INFO:Checking exceptions
2022-04-13 13:58:43,564:INFO:Importing libraries
2022-04-13 13:58:43,564:INFO:Copying training dataset
2022-04-13 13:58:43,566:INFO:Defining folds
2022-04-13 13:58:43,567:INFO:Declaring metric variables
2022-04-13 13:58:43,575:INFO:Importing untrained model
2022-04-13 13:58:43,576:INFO:Declaring custom model
2022-04-13 13:58:43,583:INFO:CatBoost Classifier Imported succesfully
2022-04-13 13:58:43,600:INFO:Starting cross validation
2022-04-13 13:58:43,601:INFO:Cross validating with StratifiedKFold(n_splits=10, random_state=None, shuffle=False), n_jobs=-1
2022-04-13 13:59:20,310:INFO:Calculating mean and std
2022-04-13 13:59:20,311:INFO:Creating metrics dataframe
2022-04-13 13:59:20,325:INFO:Finalizing model
2022-04-13 13:59:23,547:INFO:Initializing predict_model()
2022-04-13 13:59:23,547:INFO:predict_model(estimator=Pipeline(memory=None,
         steps=[('empty_step', 'passthrough'),
                ('actual_estimator',
                 <catboost.core.CatBoostClassifier object at 0x7f06b8209c10>)],
         verbose=False), probability_threshold=None, encoded_labels=False, drift_report=False, raw_score=False, round=4, verbose=True, ml_usecase=None, display=None, drift_kwargs=None)
2022-04-13 13:59:23,547:INFO:Checking exceptions
2022-04-13 13:59:23,548:INFO:Preloading libraries
2022-04-13 13:59:23,548:INFO:Preparing display monitor
2022-04-13 13:59:24,123:INFO:Uploading results into container
2022-04-13 13:59:24,123:INFO:Uploading model into container now
2022-04-13 13:59:24,125:INFO:create_model_container: 20
2022-04-13 13:59:24,125:INFO:master_model_container: 20
2022-04-13 13:59:24,125:INFO:display_container: 6
2022-04-13 13:59:24,126:INFO:<catboost.core.CatBoostClassifier object at 0x7f06b8209c10>
2022-04-13 13:59:24,126:INFO:create_model() succesfully completed......................................
2022-04-13 13:59:24,247:INFO:SubProcess create_model() end ==================================
2022-04-13 13:59:24,263:INFO:create_model_container: 20
2022-04-13 13:59:24,263:INFO:master_model_container: 20
2022-04-13 13:59:24,265:INFO:display_container: 6
2022-04-13 13:59:24,265:INFO:<catboost.core.CatBoostClassifier object at 0x7f06b8209c10>
2022-04-13 13:59:24,266:INFO:tune_model() succesfully completed......................................
